<?xml version="1.0" encoding="UTF-8"?>
<coverage generated="1520398860984" clover="3.2.0">
  <project timestamp="1520398860984" name="All files">
    <metrics statements="252" coveredstatements="196" conditionals="147" coveredconditionals="81" methods="29" coveredmethods="24" elements="428" coveredelements="301" complexity="0" loc="252" ncloc="252" packages="2" files="3" classes="3">
      <package name="jest">
        <metrics statements="1" coveredstatements="1" conditionals="0" coveredconditionals="0" methods="0" coveredmethods="0"/>
        <file name="setup.js" path="/Users/singsong/react-lazyimg/jest/setup.js">
          <metrics statements="1" coveredstatements="1" conditionals="0" coveredconditionals="0" methods="0" coveredmethods="0"/>
          <line num="4" count="2" type="stmt"/>
        </file>
      </package>
      <package name="src">
        <metrics statements="251" coveredstatements="195" conditionals="147" coveredconditionals="81" methods="29" coveredmethods="24"/>
        <file name="index.js" path="/Users/singsong/react-lazyimg/src/index.js">
          <metrics statements="148" coveredstatements="96" conditionals="91" coveredconditionals="33" methods="17" coveredmethods="12"/>
          <line num="32" count="15" type="stmt"/>
          <line num="53" count="32" type="stmt"/>
          <line num="55" count="32" type="stmt"/>
          <line num="57" count="32" type="stmt"/>
          <line num="59" count="32" type="stmt"/>
          <line num="64" count="32" type="stmt"/>
          <line num="65" count="32" type="stmt"/>
          <line num="68" count="32" type="cond" truecount="1" falsecount="1"/>
          <line num="69" count="32" type="stmt"/>
          <line num="75" count="0" type="stmt"/>
          <line num="82" count="32" type="stmt"/>
          <line num="91" count="0" type="stmt"/>
          <line num="93" count="0" type="cond" truecount="0" falsecount="3"/>
          <line num="103" count="32" type="stmt"/>
          <line num="104" count="32" type="stmt"/>
          <line num="109" count="30" type="stmt"/>
          <line num="110" count="30" type="stmt"/>
          <line num="111" count="30" type="stmt"/>
          <line num="112" count="30" type="stmt"/>
          <line num="113" count="30" type="stmt"/>
          <line num="115" count="30" type="cond" truecount="4" falsecount="0"/>
          <line num="116" count="29" type="stmt"/>
          <line num="119" count="1" type="cond" truecount="5" falsecount="1"/>
          <line num="120" count="1" type="stmt"/>
          <line num="122" count="1" type="stmt"/>
          <line num="124" count="1" type="cond" truecount="2" falsecount="2"/>
          <line num="125" count="0" type="stmt"/>
          <line num="128" count="1" type="stmt"/>
          <line num="131" count="1" type="cond" truecount="1" falsecount="1"/>
          <line num="132" count="0" type="stmt"/>
          <line num="134" count="1" type="stmt"/>
          <line num="136" count="0" type="stmt"/>
          <line num="138" count="0" type="stmt"/>
          <line num="145" count="1" type="stmt"/>
          <line num="147" count="0" type="stmt"/>
          <line num="149" count="0" type="stmt"/>
          <line num="152" count="0" type="stmt"/>
          <line num="160" count="2" type="stmt"/>
          <line num="161" count="2" type="stmt"/>
          <line num="169" count="2" type="stmt"/>
          <line num="171" count="2" type="cond" truecount="1" falsecount="1"/>
          <line num="172" count="2" type="stmt"/>
          <line num="178" count="0" type="stmt"/>
          <line num="181" count="2" type="stmt"/>
          <line num="194" count="2" type="stmt"/>
          <line num="195" count="2" type="stmt"/>
          <line num="196" count="2" type="stmt"/>
          <line num="197" count="2" type="stmt"/>
          <line num="198" count="2" type="stmt"/>
          <line num="199" count="2" type="stmt"/>
          <line num="200" count="2" type="stmt"/>
          <line num="201" count="2" type="stmt"/>
          <line num="202" count="2" type="stmt"/>
          <line num="203" count="2" type="stmt"/>
          <line num="204" count="2" type="stmt"/>
          <line num="205" count="2" type="stmt"/>
          <line num="206" count="2" type="stmt"/>
          <line num="210" count="30" type="stmt"/>
          <line num="212" count="30" type="stmt"/>
          <line num="213" count="30" type="stmt"/>
          <line num="214" count="30" type="stmt"/>
          <line num="216" count="30" type="cond" truecount="2" falsecount="0"/>
          <line num="219" count="29" type="stmt"/>
          <line num="221" count="1" type="stmt"/>
          <line num="223" count="30" type="stmt"/>
          <line num="228" count="0" type="stmt"/>
          <line num="229" count="0" type="stmt"/>
          <line num="230" count="0" type="stmt"/>
          <line num="231" count="0" type="stmt"/>
          <line num="232" count="0" type="cond" truecount="0" falsecount="4"/>
          <line num="233" count="0" type="cond" truecount="0" falsecount="2"/>
          <line num="234" count="0" type="stmt"/>
          <line num="235" count="0" type="cond" truecount="0" falsecount="2"/>
          <line num="236" count="0" type="stmt"/>
          <line num="239" count="0" type="stmt"/>
          <line num="242" count="0" type="stmt"/>
          <line num="244" count="0" type="stmt"/>
          <line num="248" count="30" type="stmt"/>
          <line num="249" count="30" type="stmt"/>
          <line num="266" count="2" type="stmt"/>
          <line num="268" count="2" type="cond" truecount="1" falsecount="1"/>
          <line num="270" count="0" type="cond" truecount="0" falsecount="2"/>
          <line num="271" count="0" type="stmt"/>
          <line num="272" count="0" type="stmt"/>
          <line num="274" count="0" type="stmt"/>
          <line num="275" count="0" type="stmt"/>
          <line num="277" count="2" type="stmt"/>
          <line num="282" count="1" type="stmt"/>
          <line num="283" count="1" type="stmt"/>
          <line num="292" count="1" type="stmt"/>
          <line num="294" count="1" type="cond" truecount="1" falsecount="1"/>
          <line num="296" count="0" type="cond" truecount="0" falsecount="4"/>
          <line num="297" count="0" type="stmt"/>
          <line num="300" count="0" type="stmt"/>
          <line num="301" count="0" type="cond" truecount="0" falsecount="4"/>
          <line num="302" count="0" type="cond" truecount="0" falsecount="2"/>
          <line num="303" count="0" type="cond" truecount="0" falsecount="2"/>
          <line num="309" count="0" type="cond" truecount="0" falsecount="2"/>
          <line num="310" count="0" type="cond" truecount="0" falsecount="2"/>
          <line num="311" count="0" type="stmt"/>
          <line num="312" count="0" type="stmt"/>
          <line num="316" count="0" type="cond" truecount="0" falsecount="4"/>
          <line num="318" count="0" type="cond" truecount="0" falsecount="2"/>
          <line num="319" count="0" type="stmt"/>
          <line num="320" count="0" type="stmt"/>
          <line num="321" count="0" type="stmt"/>
          <line num="325" count="0" type="cond" truecount="0" falsecount="2"/>
          <line num="331" count="0" type="cond" truecount="0" falsecount="2"/>
          <line num="333" count="1" type="cond" truecount="1" falsecount="1"/>
          <line num="335" count="0" type="cond" truecount="0" falsecount="4"/>
          <line num="336" count="0" type="stmt"/>
          <line num="339" count="0" type="cond" truecount="0" falsecount="2"/>
          <line num="348" count="2" type="stmt"/>
          <line num="349" count="2" type="cond" truecount="3" falsecount="0"/>
          <line num="350" count="2" type="stmt"/>
          <line num="351" count="2" type="stmt"/>
          <line num="352" count="2" type="stmt"/>
          <line num="353" count="2" type="stmt"/>
          <line num="354" count="2" type="stmt"/>
          <line num="355" count="2" type="stmt"/>
          <line num="356" count="2" type="stmt"/>
          <line num="361" count="34" type="stmt"/>
          <line num="368" count="34" type="stmt"/>
          <line num="369" count="34" type="stmt"/>
          <line num="370" count="34" type="stmt"/>
          <line num="371" count="34" type="stmt"/>
          <line num="374" count="34" type="stmt"/>
          <line num="375" count="34" type="cond" truecount="2" falsecount="0"/>
          <line num="376" count="1" type="stmt"/>
          <line num="378" count="33" type="cond" truecount="2" falsecount="0"/>
          <line num="379" count="1" type="cond" truecount="1" falsecount="1"/>
          <line num="380" count="0" type="stmt"/>
          <line num="382" count="1" type="cond" truecount="1" falsecount="1"/>
          <line num="383" count="1" type="stmt"/>
          <line num="385" count="0" type="stmt"/>
          <line num="386" count="0" type="cond" truecount="0" falsecount="2"/>
          <line num="387" count="0" type="stmt"/>
          <line num="394" count="32" type="cond" truecount="2" falsecount="0"/>
          <line num="395" count="1" type="stmt"/>
          <line num="396" count="1" type="stmt"/>
          <line num="398" count="1" type="stmt"/>
          <line num="400" count="31" type="cond" truecount="2" falsecount="0"/>
          <line num="401" count="30" type="stmt"/>
          <line num="403" count="1" type="stmt"/>
          <line num="409" count="33" type="stmt"/>
          <line num="414" count="15" type="stmt"/>
          <line num="446" count="15" type="stmt"/>
          <line num="450" count="15" type="stmt"/>
        </file>
        <file name="util.js" path="/Users/singsong/react-lazyimg/src/util.js">
          <metrics statements="103" coveredstatements="99" conditionals="56" coveredconditionals="48" methods="12" coveredmethods="12"/>
          <line num="2" count="2" type="stmt"/>
          <line num="3" count="2" type="stmt"/>
          <line num="4" count="2" type="stmt"/>
          <line num="5" count="2" type="stmt"/>
          <line num="20" count="2" type="stmt"/>
          <line num="21" count="4" type="stmt"/>
          <line num="22" count="18" type="cond" truecount="1" falsecount="1"/>
          <line num="28" count="2" type="stmt"/>
          <line num="34" count="32" type="stmt"/>
          <line num="48" count="33" type="stmt"/>
          <line num="64" count="33" type="stmt"/>
          <line num="65" count="33" type="stmt"/>
          <line num="66" count="33" type="stmt"/>
          <line num="67" count="103" type="cond" truecount="2" falsecount="0"/>
          <line num="68" count="38" type="stmt"/>
          <line num="70" count="65" type="cond" truecount="2" falsecount="0"/>
          <line num="71" count="33" type="stmt"/>
          <line num="82" count="33" type="stmt"/>
          <line num="89" count="33" type="stmt"/>
          <line num="90" count="1023" type="stmt"/>
          <line num="91" count="1023" type="cond" truecount="2" falsecount="0"/>
          <line num="92" count="1023" type="stmt"/>
          <line num="96" count="3" type="stmt"/>
          <line num="97" count="2" type="stmt"/>
          <line num="107" count="1" type="cond" truecount="1" falsecount="1"/>
          <line num="108" count="0" type="stmt"/>
          <line num="110" count="1" type="stmt"/>
          <line num="111" count="1" type="stmt"/>
          <line num="112" count="2" type="stmt"/>
          <line num="114" count="1" type="stmt"/>
          <line num="119" count="33" type="stmt"/>
          <line num="120" count="33" type="stmt"/>
          <line num="121" count="33" type="stmt"/>
          <line num="122" count="1" type="cond" truecount="1" falsecount="1"/>
          <line num="123" count="0" type="stmt"/>
          <line num="125" count="1" type="stmt"/>
          <line num="126" count="1" type="stmt"/>
          <line num="127" count="1" type="stmt"/>
          <line num="128" count="1" type="stmt"/>
          <line num="129" count="1" type="stmt"/>
          <line num="130" count="1" type="stmt"/>
          <line num="131" count="1" type="stmt"/>
          <line num="133" count="1" type="cond" truecount="1" falsecount="1"/>
          <line num="134" count="1" type="stmt"/>
          <line num="136" count="0" type="stmt"/>
          <line num="141" count="1" type="stmt"/>
          <line num="142" count="1" type="stmt"/>
          <line num="147" count="3" type="stmt"/>
          <line num="151" count="2" type="stmt"/>
          <line num="167" count="3" type="stmt"/>
          <line num="171" count="2" type="stmt"/>
          <line num="172" count="2" type="stmt"/>
          <line num="173" count="3" type="stmt"/>
          <line num="174" count="3" type="cond" truecount="2" falsecount="0"/>
          <line num="175" count="1" type="stmt"/>
          <line num="177" count="3" type="stmt"/>
          <line num="179" count="2" type="stmt"/>
          <line num="183" count="3" type="stmt"/>
          <line num="186" count="3" type="cond" truecount="2" falsecount="0"/>
          <line num="187" count="1" type="stmt"/>
          <line num="189" count="2" type="cond" truecount="2" falsecount="0"/>
          <line num="191" count="1" type="stmt"/>
          <line num="194" count="1" type="stmt"/>
          <line num="196" count="1" type="stmt"/>
          <line num="203" count="5" type="stmt"/>
          <line num="204" count="5" type="stmt"/>
          <line num="207" count="5" type="cond" truecount="4" falsecount="0"/>
          <line num="208" count="1" type="stmt"/>
          <line num="210" count="4" type="stmt"/>
          <line num="214" count="5" type="stmt"/>
          <line num="220" count="5" type="stmt"/>
          <line num="221" count="5" type="stmt"/>
          <line num="224" count="5" type="cond" truecount="4" falsecount="0"/>
          <line num="225" count="1" type="stmt"/>
          <line num="227" count="4" type="stmt"/>
          <line num="231" count="5" type="stmt"/>
          <line num="237" count="5" type="stmt"/>
          <line num="238" count="5" type="stmt"/>
          <line num="241" count="5" type="cond" truecount="4" falsecount="0"/>
          <line num="242" count="1" type="stmt"/>
          <line num="244" count="4" type="stmt"/>
          <line num="249" count="5" type="stmt"/>
          <line num="255" count="5" type="stmt"/>
          <line num="256" count="5" type="stmt"/>
          <line num="259" count="5" type="cond" truecount="4" falsecount="0"/>
          <line num="260" count="1" type="stmt"/>
          <line num="262" count="4" type="stmt"/>
          <line num="267" count="5" type="stmt"/>
          <line num="272" count="3" type="stmt"/>
          <line num="282" count="2" type="cond" truecount="4" falsecount="0"/>
          <line num="283" count="1" type="stmt"/>
          <line num="285" count="1" type="cond" truecount="2" falsecount="0"/>
          <line num="286" count="1" type="cond" truecount="1" falsecount="1"/>
          <line num="287" count="0" type="stmt"/>
          <line num="289" count="1" type="stmt"/>
          <line num="290" count="1" type="cond" truecount="1" falsecount="1"/>
          <line num="291" count="1" type="stmt"/>
          <line num="293" count="1" type="stmt"/>
          <line num="295" count="1" type="stmt"/>
          <line num="296" count="1" type="stmt"/>
          <line num="297" count="1" type="stmt"/>
          <line num="298" count="1" type="stmt"/>
          <line num="300" count="1" type="stmt"/>
        </file>
      </package>
    </metrics>
  </project>
</coverage>
