{"/Users/singsong/react-lazyimg/jest/setup.js": {"path":"/Users/singsong/react-lazyimg/jest/setup.js","statementMap":{"0":{"start":{"line":4,"column":0},"end":{"line":4,"column":38}}},"fnMap":{},"branchMap":{},"s":{"0":2},"f":{},"b":{},"_coverageSchema":"332fd63041d2c1bcb487cc26dd0d5f7d97098a6c","hash":"c7f268c60ab85382793f0c61cb763144a58ef3f9"}
,"/Users/singsong/react-lazyimg/src/index.js": {"path":"/Users/singsong/react-lazyimg/src/index.js","statementMap":{"0":{"start":{"line":32,"column":20},"end":{"line":47,"column":3}},"1":{"start":{"line":53,"column":6},"end":{"line":53,"column":19}},"2":{"start":{"line":55,"column":6},"end":{"line":55,"column":25}},"3":{"start":{"line":57,"column":6},"end":{"line":57,"column":34}},"4":{"start":{"line":59,"column":6},"end":{"line":59,"column":21}},"5":{"start":{"line":64,"column":43},"end":{"line":64,"column":66}},"6":{"start":{"line":65,"column":21},"end":{"line":65,"column":76}},"7":{"start":{"line":68,"column":6},"end":{"line":80,"column":7}},"8":{"start":{"line":69,"column":8},"end":{"line":73,"column":10}},"9":{"start":{"line":75,"column":8},"end":{"line":79,"column":11}},"10":{"start":{"line":82,"column":6},"end":{"line":102,"column":8}},"11":{"start":{"line":91,"column":10},"end":{"line":91,"column":52}},"12":{"start":{"line":93,"column":10},"end":{"line":93,"column":71}},"13":{"start":{"line":103,"column":6},"end":{"line":103,"column":43}},"14":{"start":{"line":104,"column":6},"end":{"line":104,"column":42}},"15":{"start":{"line":109,"column":6},"end":{"line":109,"column":38}},"16":{"start":{"line":110,"column":15},"end":{"line":110,"column":22}},"17":{"start":{"line":111,"column":23},"end":{"line":111,"column":38}},"18":{"start":{"line":112,"column":54},"end":{"line":112,"column":64}},"19":{"start":{"line":113,"column":6},"end":{"line":113,"column":81}},"20":{"start":{"line":115,"column":6},"end":{"line":117,"column":7}},"21":{"start":{"line":116,"column":8},"end":{"line":116,"column":15}},"22":{"start":{"line":119,"column":6},"end":{"line":154,"column":7}},"23":{"start":{"line":120,"column":8},"end":{"line":120,"column":39}},"24":{"start":{"line":122,"column":8},"end":{"line":122,"column":32}},"25":{"start":{"line":124,"column":8},"end":{"line":126,"column":9}},"26":{"start":{"line":125,"column":10},"end":{"line":125,"column":51}},"27":{"start":{"line":128,"column":8},"end":{"line":128,"column":27}},"28":{"start":{"line":131,"column":8},"end":{"line":133,"column":9}},"29":{"start":{"line":132,"column":10},"end":{"line":132,"column":44}},"30":{"start":{"line":134,"column":8},"end":{"line":143,"column":10}},"31":{"start":{"line":136,"column":10},"end":{"line":136,"column":35}},"32":{"start":{"line":138,"column":10},"end":{"line":142,"column":13}},"33":{"start":{"line":145,"column":8},"end":{"line":153,"column":10}},"34":{"start":{"line":147,"column":10},"end":{"line":147,"column":35}},"35":{"start":{"line":149,"column":10},"end":{"line":151,"column":13}},"36":{"start":{"line":152,"column":10},"end":{"line":152,"column":31}},"37":{"start":{"line":160,"column":15},"end":{"line":160,"column":22}},"38":{"start":{"line":161,"column":23},"end":{"line":161,"column":38}},"39":{"start":{"line":169,"column":10},"end":{"line":169,"column":20}},"40":{"start":{"line":171,"column":6},"end":{"line":179,"column":7}},"41":{"start":{"line":172,"column":8},"end":{"line":176,"column":10}},"42":{"start":{"line":178,"column":8},"end":{"line":178,"column":60}},"43":{"start":{"line":181,"column":6},"end":{"line":181,"column":62}},"44":{"start":{"line":194,"column":6},"end":{"line":194,"column":29}},"45":{"start":{"line":195,"column":6},"end":{"line":195,"column":30}},"46":{"start":{"line":196,"column":6},"end":{"line":196,"column":22}},"47":{"start":{"line":197,"column":6},"end":{"line":197,"column":24}},"48":{"start":{"line":198,"column":6},"end":{"line":198,"column":18}},"49":{"start":{"line":199,"column":6},"end":{"line":199,"column":25}},"50":{"start":{"line":200,"column":6},"end":{"line":200,"column":22}},"51":{"start":{"line":201,"column":6},"end":{"line":201,"column":37}},"52":{"start":{"line":202,"column":6},"end":{"line":202,"column":41}},"53":{"start":{"line":203,"column":6},"end":{"line":203,"column":29}},"54":{"start":{"line":204,"column":6},"end":{"line":204,"column":33}},"55":{"start":{"line":205,"column":6},"end":{"line":205,"column":37}},"56":{"start":{"line":206,"column":6},"end":{"line":206,"column":38}},"57":{"start":{"line":210,"column":6},"end":{"line":210,"column":39}},"58":{"start":{"line":212,"column":6},"end":{"line":212,"column":19}},"59":{"start":{"line":213,"column":15},"end":{"line":213,"column":22}},"60":{"start":{"line":214,"column":43},"end":{"line":214,"column":58}},"61":{"start":{"line":216,"column":6},"end":{"line":222,"column":7}},"62":{"start":{"line":219,"column":8},"end":{"line":219,"column":79}},"63":{"start":{"line":221,"column":8},"end":{"line":221,"column":57}},"64":{"start":{"line":223,"column":6},"end":{"line":223,"column":59}},"65":{"start":{"line":228,"column":15},"end":{"line":228,"column":22}},"66":{"start":{"line":229,"column":28},"end":{"line":229,"column":33}},"67":{"start":{"line":230,"column":26},"end":{"line":230,"column":63}},"68":{"start":{"line":231,"column":6},"end":{"line":231,"column":53}},"69":{"start":{"line":232,"column":6},"end":{"line":243,"column":7}},"70":{"start":{"line":233,"column":8},"end":{"line":240,"column":9}},"71":{"start":{"line":234,"column":10},"end":{"line":234,"column":38}},"72":{"start":{"line":235,"column":10},"end":{"line":237,"column":11}},"73":{"start":{"line":236,"column":12},"end":{"line":236,"column":46}},"74":{"start":{"line":239,"column":10},"end":{"line":239,"column":58}},"75":{"start":{"line":242,"column":8},"end":{"line":242,"column":20}},"76":{"start":{"line":244,"column":6},"end":{"line":244,"column":19}},"77":{"start":{"line":248,"column":6},"end":{"line":248,"column":62}},"78":{"start":{"line":249,"column":6},"end":{"line":249,"column":18}},"79":{"start":{"line":266,"column":6},"end":{"line":266,"column":68}},"80":{"start":{"line":268,"column":6},"end":{"line":276,"column":7}},"81":{"start":{"line":270,"column":8},"end":{"line":273,"column":9}},"82":{"start":{"line":271,"column":10},"end":{"line":271,"column":59}},"83":{"start":{"line":272,"column":10},"end":{"line":272,"column":23}},"84":{"start":{"line":274,"column":10},"end":{"line":274,"column":36}},"85":{"start":{"line":275,"column":10},"end":{"line":275,"column":22}},"86":{"start":{"line":277,"column":6},"end":{"line":277,"column":18}},"87":{"start":{"line":282,"column":15},"end":{"line":282,"column":22}},"88":{"start":{"line":283,"column":23},"end":{"line":283,"column":38}},"89":{"start":{"line":292,"column":10},"end":{"line":292,"column":20}},"90":{"start":{"line":294,"column":6},"end":{"line":332,"column":7}},"91":{"start":{"line":296,"column":8},"end":{"line":298,"column":9}},"92":{"start":{"line":297,"column":10},"end":{"line":297,"column":51}},"93":{"start":{"line":300,"column":24},"end":{"line":300,"column":26}},"94":{"start":{"line":301,"column":8},"end":{"line":307,"column":9}},"95":{"start":{"line":302,"column":10},"end":{"line":306,"column":11}},"96":{"start":{"line":303,"column":12},"end":{"line":305,"column":50}},"97":{"start":{"line":309,"column":8},"end":{"line":314,"column":9}},"98":{"start":{"line":310,"column":10},"end":{"line":313,"column":11}},"99":{"start":{"line":311,"column":12},"end":{"line":311,"column":42}},"100":{"start":{"line":312,"column":12},"end":{"line":312,"column":62}},"101":{"start":{"line":316,"column":8},"end":{"line":329,"column":9}},"102":{"start":{"line":318,"column":10},"end":{"line":328,"column":11}},"103":{"start":{"line":319,"column":12},"end":{"line":319,"column":42}},"104":{"start":{"line":320,"column":12},"end":{"line":320,"column":52}},"105":{"start":{"line":321,"column":12},"end":{"line":327,"column":15}},"106":{"start":{"line":325,"column":16},"end":{"line":325,"column":72}},"107":{"start":{"line":331,"column":8},"end":{"line":331,"column":30}},"108":{"start":{"line":333,"column":6},"end":{"line":340,"column":7}},"109":{"start":{"line":335,"column":8},"end":{"line":337,"column":9}},"110":{"start":{"line":336,"column":10},"end":{"line":336,"column":52}},"111":{"start":{"line":339,"column":8},"end":{"line":339,"column":30}},"112":{"start":{"line":348,"column":23},"end":{"line":348,"column":38}},"113":{"start":{"line":349,"column":6},"end":{"line":349,"column":64}},"114":{"start":{"line":350,"column":6},"end":{"line":350,"column":33}},"115":{"start":{"line":351,"column":6},"end":{"line":351,"column":38}},"116":{"start":{"line":352,"column":6},"end":{"line":352,"column":24}},"117":{"start":{"line":353,"column":6},"end":{"line":353,"column":21}},"118":{"start":{"line":354,"column":6},"end":{"line":354,"column":25}},"119":{"start":{"line":355,"column":6},"end":{"line":355,"column":31}},"120":{"start":{"line":356,"column":6},"end":{"line":356,"column":27}},"121":{"start":{"line":361,"column":23},"end":{"line":361,"column":38}},"122":{"start":{"line":368,"column":10},"end":{"line":368,"column":20}},"123":{"start":{"line":369,"column":21},"end":{"line":369,"column":25}},"124":{"start":{"line":370,"column":25},"end":{"line":373,"column":7}},"125":{"start":{"line":371,"column":20},"end":{"line":371,"column":32}},"126":{"start":{"line":374,"column":33},"end":{"line":374,"column":43}},"127":{"start":{"line":375,"column":6},"end":{"line":377,"column":7}},"128":{"start":{"line":376,"column":8},"end":{"line":376,"column":15}},"129":{"start":{"line":378,"column":6},"end":{"line":408,"column":7}},"130":{"start":{"line":379,"column":8},"end":{"line":381,"column":9}},"131":{"start":{"line":380,"column":10},"end":{"line":380,"column":39}},"132":{"start":{"line":382,"column":8},"end":{"line":392,"column":9}},"133":{"start":{"line":383,"column":10},"end":{"line":383,"column":33}},"134":{"start":{"line":385,"column":10},"end":{"line":385,"column":68}},"135":{"start":{"line":386,"column":10},"end":{"line":391,"column":11}},"136":{"start":{"line":387,"column":12},"end":{"line":390,"column":14}},"137":{"start":{"line":394,"column":8},"end":{"line":407,"column":9}},"138":{"start":{"line":395,"column":10},"end":{"line":395,"column":27}},"139":{"start":{"line":396,"column":10},"end":{"line":396,"column":102}},"140":{"start":{"line":398,"column":10},"end":{"line":398,"column":60}},"141":{"start":{"line":400,"column":10},"end":{"line":406,"column":11}},"142":{"start":{"line":401,"column":12},"end":{"line":401,"column":52}},"143":{"start":{"line":403,"column":12},"end":{"line":405,"column":14}},"144":{"start":{"line":409,"column":6},"end":{"line":409,"column":67}},"145":{"start":{"line":414,"column":2},"end":{"line":444,"column":4}},"146":{"start":{"line":446,"column":2},"end":{"line":448,"column":4}},"147":{"start":{"line":450,"column":2},"end":{"line":450,"column":17}}},"fnMap":{"0":{"name":"withLazyimg","decl":{"start":{"line":15,"column":9},"end":{"line":15,"column":20}},"loc":{"start":{"line":15,"column":34},"end":{"line":451,"column":1}},"line":15},"1":{"name":"(anonymous_1)","decl":{"start":{"line":52,"column":4},"end":{"line":52,"column":5}},"loc":{"start":{"line":52,"column":23},"end":{"line":60,"column":5}},"line":52},"2":{"name":"(anonymous_2)","decl":{"start":{"line":62,"column":4},"end":{"line":62,"column":5}},"loc":{"start":{"line":62,"column":29},"end":{"line":105,"column":5}},"line":62},"3":{"name":"(anonymous_3)","decl":{"start":{"line":90,"column":34},"end":{"line":90,"column":35}},"loc":{"start":{"line":90,"column":40},"end":{"line":94,"column":9}},"line":90},"4":{"name":"(anonymous_4)","decl":{"start":{"line":108,"column":4},"end":{"line":108,"column":5}},"loc":{"start":{"line":108,"column":12},"end":{"line":155,"column":5}},"line":108},"5":{"name":"(anonymous_5)","decl":{"start":{"line":134,"column":26},"end":{"line":134,"column":27}},"loc":{"start":{"line":134,"column":32},"end":{"line":143,"column":9}},"line":134},"6":{"name":"(anonymous_6)","decl":{"start":{"line":145,"column":27},"end":{"line":145,"column":28}},"loc":{"start":{"line":145,"column":36},"end":{"line":153,"column":9}},"line":145},"7":{"name":"(anonymous_7)","decl":{"start":{"line":158,"column":4},"end":{"line":158,"column":5}},"loc":{"start":{"line":158,"column":13},"end":{"line":207,"column":5}},"line":158},"8":{"name":"(anonymous_8)","decl":{"start":{"line":209,"column":4},"end":{"line":209,"column":5}},"loc":{"start":{"line":209,"column":11},"end":{"line":224,"column":5}},"line":209},"9":{"name":"(anonymous_9)","decl":{"start":{"line":227,"column":4},"end":{"line":227,"column":5}},"loc":{"start":{"line":227,"column":30},"end":{"line":245,"column":5}},"line":227},"10":{"name":"(anonymous_10)","decl":{"start":{"line":247,"column":4},"end":{"line":247,"column":5}},"loc":{"start":{"line":247,"column":24},"end":{"line":250,"column":5}},"line":247},"11":{"name":"(anonymous_11)","decl":{"start":{"line":265,"column":4},"end":{"line":265,"column":5}},"loc":{"start":{"line":265,"column":37},"end":{"line":278,"column":5}},"line":265},"12":{"name":"(anonymous_12)","decl":{"start":{"line":280,"column":4},"end":{"line":280,"column":5}},"loc":{"start":{"line":280,"column":25},"end":{"line":341,"column":5}},"line":280},"13":{"name":"(anonymous_13)","decl":{"start":{"line":323,"column":24},"end":{"line":323,"column":25}},"loc":{"start":{"line":323,"column":30},"end":{"line":326,"column":15}},"line":323},"14":{"name":"(anonymous_14)","decl":{"start":{"line":343,"column":4},"end":{"line":343,"column":5}},"loc":{"start":{"line":343,"column":27},"end":{"line":357,"column":5}},"line":343},"15":{"name":"(anonymous_15)","decl":{"start":{"line":359,"column":4},"end":{"line":359,"column":5}},"loc":{"start":{"line":359,"column":13},"end":{"line":410,"column":5}},"line":359},"16":{"name":"(anonymous_16)","decl":{"start":{"line":371,"column":13},"end":{"line":371,"column":14}},"loc":{"start":{"line":371,"column":20},"end":{"line":371,"column":32}},"line":371}},"branchMap":{"0":{"loc":{"start":{"line":15,"column":21},"end":{"line":15,"column":32}},"type":"default-arg","locations":[{"start":{"line":15,"column":30},"end":{"line":15,"column":32}}],"line":15},"1":{"loc":{"start":{"line":68,"column":6},"end":{"line":80,"column":7}},"type":"if","locations":[{"start":{"line":68,"column":6},"end":{"line":80,"column":7}},{"start":{"line":68,"column":6},"end":{"line":80,"column":7}}],"line":68},"2":{"loc":{"start":{"line":93,"column":10},"end":{"line":93,"column":70}},"type":"binary-expr","locations":[{"start":{"line":93,"column":10},"end":{"line":93,"column":25}},{"start":{"line":93,"column":29},"end":{"line":93,"column":54}},{"start":{"line":93,"column":58},"end":{"line":93,"column":70}}],"line":93},"3":{"loc":{"start":{"line":115,"column":6},"end":{"line":117,"column":7}},"type":"if","locations":[{"start":{"line":115,"column":6},"end":{"line":117,"column":7}},{"start":{"line":115,"column":6},"end":{"line":117,"column":7}}],"line":115},"4":{"loc":{"start":{"line":115,"column":10},"end":{"line":115,"column":56}},"type":"binary-expr","locations":[{"start":{"line":115,"column":10},"end":{"line":115,"column":33}},{"start":{"line":115,"column":37},"end":{"line":115,"column":56}}],"line":115},"5":{"loc":{"start":{"line":119,"column":6},"end":{"line":154,"column":7}},"type":"if","locations":[{"start":{"line":119,"column":6},"end":{"line":154,"column":7}},{"start":{"line":119,"column":6},"end":{"line":154,"column":7}}],"line":119},"6":{"loc":{"start":{"line":119,"column":10},"end":{"line":119,"column":79}},"type":"binary-expr","locations":[{"start":{"line":119,"column":10},"end":{"line":119,"column":24}},{"start":{"line":119,"column":28},"end":{"line":119,"column":60}},{"start":{"line":119,"column":64},"end":{"line":119,"column":71}},{"start":{"line":119,"column":75},"end":{"line":119,"column":79}}],"line":119},"7":{"loc":{"start":{"line":124,"column":8},"end":{"line":126,"column":9}},"type":"if","locations":[{"start":{"line":124,"column":8},"end":{"line":126,"column":9}},{"start":{"line":124,"column":8},"end":{"line":126,"column":9}}],"line":124},"8":{"loc":{"start":{"line":124,"column":12},"end":{"line":124,"column":68}},"type":"binary-expr","locations":[{"start":{"line":124,"column":12},"end":{"line":124,"column":27}},{"start":{"line":124,"column":31},"end":{"line":124,"column":68}}],"line":124},"9":{"loc":{"start":{"line":131,"column":8},"end":{"line":133,"column":9}},"type":"if","locations":[{"start":{"line":131,"column":8},"end":{"line":133,"column":9}},{"start":{"line":131,"column":8},"end":{"line":133,"column":9}}],"line":131},"10":{"loc":{"start":{"line":171,"column":6},"end":{"line":179,"column":7}},"type":"if","locations":[{"start":{"line":171,"column":6},"end":{"line":179,"column":7}},{"start":{"line":171,"column":6},"end":{"line":179,"column":7}}],"line":171},"11":{"loc":{"start":{"line":216,"column":6},"end":{"line":222,"column":7}},"type":"if","locations":[{"start":{"line":216,"column":6},"end":{"line":222,"column":7}},{"start":{"line":216,"column":6},"end":{"line":222,"column":7}}],"line":216},"12":{"loc":{"start":{"line":232,"column":6},"end":{"line":243,"column":7}},"type":"if","locations":[{"start":{"line":232,"column":6},"end":{"line":243,"column":7}},{"start":{"line":232,"column":6},"end":{"line":243,"column":7}}],"line":232},"13":{"loc":{"start":{"line":232,"column":10},"end":{"line":232,"column":47}},"type":"binary-expr","locations":[{"start":{"line":232,"column":10},"end":{"line":232,"column":23}},{"start":{"line":232,"column":27},"end":{"line":232,"column":47}}],"line":232},"14":{"loc":{"start":{"line":233,"column":8},"end":{"line":240,"column":9}},"type":"if","locations":[{"start":{"line":233,"column":8},"end":{"line":240,"column":9}},{"start":{"line":233,"column":8},"end":{"line":240,"column":9}}],"line":233},"15":{"loc":{"start":{"line":235,"column":10},"end":{"line":237,"column":11}},"type":"if","locations":[{"start":{"line":235,"column":10},"end":{"line":237,"column":11}},{"start":{"line":235,"column":10},"end":{"line":237,"column":11}}],"line":235},"16":{"loc":{"start":{"line":268,"column":6},"end":{"line":276,"column":7}},"type":"if","locations":[{"start":{"line":268,"column":6},"end":{"line":276,"column":7}},{"start":{"line":268,"column":6},"end":{"line":276,"column":7}}],"line":268},"17":{"loc":{"start":{"line":270,"column":8},"end":{"line":273,"column":9}},"type":"if","locations":[{"start":{"line":270,"column":8},"end":{"line":273,"column":9}},{"start":{"line":270,"column":8},"end":{"line":273,"column":9}}],"line":270},"18":{"loc":{"start":{"line":294,"column":6},"end":{"line":332,"column":7}},"type":"if","locations":[{"start":{"line":294,"column":6},"end":{"line":332,"column":7}},{"start":{"line":294,"column":6},"end":{"line":332,"column":7}}],"line":294},"19":{"loc":{"start":{"line":296,"column":8},"end":{"line":298,"column":9}},"type":"if","locations":[{"start":{"line":296,"column":8},"end":{"line":298,"column":9}},{"start":{"line":296,"column":8},"end":{"line":298,"column":9}}],"line":296},"20":{"loc":{"start":{"line":296,"column":12},"end":{"line":296,"column":64}},"type":"binary-expr","locations":[{"start":{"line":296,"column":12},"end":{"line":296,"column":25}},{"start":{"line":296,"column":29},"end":{"line":296,"column":64}}],"line":296},"21":{"loc":{"start":{"line":301,"column":8},"end":{"line":307,"column":9}},"type":"if","locations":[{"start":{"line":301,"column":8},"end":{"line":307,"column":9}},{"start":{"line":301,"column":8},"end":{"line":307,"column":9}}],"line":301},"22":{"loc":{"start":{"line":301,"column":11},"end":{"line":301,"column":52}},"type":"binary-expr","locations":[{"start":{"line":301,"column":11},"end":{"line":301,"column":30}},{"start":{"line":301,"column":34},"end":{"line":301,"column":52}}],"line":301},"23":{"loc":{"start":{"line":302,"column":10},"end":{"line":306,"column":11}},"type":"if","locations":[{"start":{"line":302,"column":10},"end":{"line":306,"column":11}},{"start":{"line":302,"column":10},"end":{"line":306,"column":11}}],"line":302},"24":{"loc":{"start":{"line":303,"column":24},"end":{"line":305,"column":49}},"type":"cond-expr","locations":[{"start":{"line":304,"column":16},"end":{"line":304,"column":53}},{"start":{"line":305,"column":16},"end":{"line":305,"column":49}}],"line":303},"25":{"loc":{"start":{"line":309,"column":8},"end":{"line":314,"column":9}},"type":"if","locations":[{"start":{"line":309,"column":8},"end":{"line":314,"column":9}},{"start":{"line":309,"column":8},"end":{"line":314,"column":9}}],"line":309},"26":{"loc":{"start":{"line":310,"column":10},"end":{"line":313,"column":11}},"type":"if","locations":[{"start":{"line":310,"column":10},"end":{"line":313,"column":11}},{"start":{"line":310,"column":10},"end":{"line":313,"column":11}}],"line":310},"27":{"loc":{"start":{"line":316,"column":8},"end":{"line":329,"column":9}},"type":"if","locations":[{"start":{"line":316,"column":8},"end":{"line":329,"column":9}},{"start":{"line":316,"column":8},"end":{"line":329,"column":9}}],"line":316},"28":{"loc":{"start":{"line":316,"column":11},"end":{"line":316,"column":53}},"type":"binary-expr","locations":[{"start":{"line":316,"column":11},"end":{"line":316,"column":31}},{"start":{"line":316,"column":35},"end":{"line":316,"column":53}}],"line":316},"29":{"loc":{"start":{"line":318,"column":10},"end":{"line":328,"column":11}},"type":"if","locations":[{"start":{"line":318,"column":10},"end":{"line":328,"column":11}},{"start":{"line":318,"column":10},"end":{"line":328,"column":11}}],"line":318},"30":{"loc":{"start":{"line":325,"column":30},"end":{"line":325,"column":71}},"type":"binary-expr","locations":[{"start":{"line":325,"column":30},"end":{"line":325,"column":65}},{"start":{"line":325,"column":69},"end":{"line":325,"column":71}}],"line":325},"31":{"loc":{"start":{"line":331,"column":8},"end":{"line":331,"column":29}},"type":"binary-expr","locations":[{"start":{"line":331,"column":8},"end":{"line":331,"column":17}},{"start":{"line":331,"column":21},"end":{"line":331,"column":29}}],"line":331},"32":{"loc":{"start":{"line":333,"column":6},"end":{"line":340,"column":7}},"type":"if","locations":[{"start":{"line":333,"column":6},"end":{"line":340,"column":7}},{"start":{"line":333,"column":6},"end":{"line":340,"column":7}}],"line":333},"33":{"loc":{"start":{"line":335,"column":8},"end":{"line":337,"column":9}},"type":"if","locations":[{"start":{"line":335,"column":8},"end":{"line":337,"column":9}},{"start":{"line":335,"column":8},"end":{"line":337,"column":9}}],"line":335},"34":{"loc":{"start":{"line":335,"column":12},"end":{"line":335,"column":66}},"type":"binary-expr","locations":[{"start":{"line":335,"column":12},"end":{"line":335,"column":26}},{"start":{"line":335,"column":30},"end":{"line":335,"column":66}}],"line":335},"35":{"loc":{"start":{"line":339,"column":8},"end":{"line":339,"column":29}},"type":"binary-expr","locations":[{"start":{"line":339,"column":8},"end":{"line":339,"column":17}},{"start":{"line":339,"column":21},"end":{"line":339,"column":29}}],"line":339},"36":{"loc":{"start":{"line":349,"column":6},"end":{"line":349,"column":63}},"type":"binary-expr","locations":[{"start":{"line":349,"column":6},"end":{"line":349,"column":16}},{"start":{"line":349,"column":20},"end":{"line":349,"column":40}},{"start":{"line":349,"column":44},"end":{"line":349,"column":63}}],"line":349},"37":{"loc":{"start":{"line":375,"column":6},"end":{"line":377,"column":7}},"type":"if","locations":[{"start":{"line":375,"column":6},"end":{"line":377,"column":7}},{"start":{"line":375,"column":6},"end":{"line":377,"column":7}}],"line":375},"38":{"loc":{"start":{"line":378,"column":6},"end":{"line":408,"column":7}},"type":"if","locations":[{"start":{"line":378,"column":6},"end":{"line":408,"column":7}},{"start":{"line":378,"column":6},"end":{"line":408,"column":7}}],"line":378},"39":{"loc":{"start":{"line":379,"column":8},"end":{"line":381,"column":9}},"type":"if","locations":[{"start":{"line":379,"column":8},"end":{"line":381,"column":9}},{"start":{"line":379,"column":8},"end":{"line":381,"column":9}}],"line":379},"40":{"loc":{"start":{"line":382,"column":8},"end":{"line":392,"column":9}},"type":"if","locations":[{"start":{"line":382,"column":8},"end":{"line":392,"column":9}},{"start":{"line":382,"column":8},"end":{"line":392,"column":9}}],"line":382},"41":{"loc":{"start":{"line":386,"column":10},"end":{"line":391,"column":11}},"type":"if","locations":[{"start":{"line":386,"column":10},"end":{"line":391,"column":11}},{"start":{"line":386,"column":10},"end":{"line":391,"column":11}}],"line":386},"42":{"loc":{"start":{"line":394,"column":8},"end":{"line":407,"column":9}},"type":"if","locations":[{"start":{"line":394,"column":8},"end":{"line":407,"column":9}},{"start":{"line":394,"column":8},"end":{"line":407,"column":9}}],"line":394},"43":{"loc":{"start":{"line":400,"column":10},"end":{"line":406,"column":11}},"type":"if","locations":[{"start":{"line":400,"column":10},"end":{"line":406,"column":11}},{"start":{"line":400,"column":10},"end":{"line":406,"column":11}}],"line":400}},"s":{"0":15,"1":32,"2":32,"3":32,"4":32,"5":32,"6":32,"7":32,"8":32,"9":0,"10":32,"11":0,"12":0,"13":32,"14":32,"15":30,"16":30,"17":30,"18":30,"19":30,"20":30,"21":29,"22":1,"23":1,"24":1,"25":1,"26":0,"27":1,"28":1,"29":0,"30":1,"31":0,"32":0,"33":1,"34":0,"35":0,"36":0,"37":2,"38":2,"39":2,"40":2,"41":2,"42":0,"43":2,"44":2,"45":2,"46":2,"47":2,"48":2,"49":2,"50":2,"51":2,"52":2,"53":2,"54":2,"55":2,"56":2,"57":30,"58":30,"59":30,"60":30,"61":30,"62":29,"63":1,"64":30,"65":0,"66":0,"67":0,"68":0,"69":0,"70":0,"71":0,"72":0,"73":0,"74":0,"75":0,"76":0,"77":30,"78":30,"79":2,"80":2,"81":0,"82":0,"83":0,"84":0,"85":0,"86":2,"87":1,"88":1,"89":1,"90":1,"91":0,"92":0,"93":0,"94":0,"95":0,"96":0,"97":0,"98":0,"99":0,"100":0,"101":0,"102":0,"103":0,"104":0,"105":0,"106":0,"107":0,"108":1,"109":0,"110":0,"111":0,"112":2,"113":2,"114":2,"115":2,"116":2,"117":2,"118":2,"119":2,"120":2,"121":34,"122":34,"123":34,"124":34,"125":34,"126":34,"127":34,"128":1,"129":33,"130":1,"131":0,"132":1,"133":1,"134":0,"135":0,"136":0,"137":32,"138":1,"139":1,"140":1,"141":31,"142":30,"143":1,"144":33,"145":15,"146":15,"147":15},"f":{"0":15,"1":32,"2":32,"3":0,"4":30,"5":0,"6":0,"7":2,"8":30,"9":0,"10":30,"11":2,"12":1,"13":0,"14":2,"15":34,"16":34},"b":{"0":[1],"1":[32,0],"2":[0,0,0],"3":[29,1],"4":[30,29],"5":[1,0],"6":[1,1,1,1],"7":[0,1],"8":[1,0],"9":[0,1],"10":[2,0],"11":[29,1],"12":[0,0],"13":[0,0],"14":[0,0],"15":[0,0],"16":[0,2],"17":[0,0],"18":[0,1],"19":[0,0],"20":[0,0],"21":[0,0],"22":[0,0],"23":[0,0],"24":[0,0],"25":[0,0],"26":[0,0],"27":[0,0],"28":[0,0],"29":[0,0],"30":[0,0],"31":[0,0],"32":[0,1],"33":[0,0],"34":[0,0],"35":[0,0],"36":[2,2,2],"37":[1,33],"38":[1,32],"39":[0,1],"40":[1,0],"41":[0,0],"42":[1,31],"43":[30,1]},"_coverageSchema":"332fd63041d2c1bcb487cc26dd0d5f7d97098a6c","hash":"b95d73163bb76920b8bfc66d5fc4fbe986b7171c"}
,"/Users/singsong/react-lazyimg/src/util.js": {"path":"/Users/singsong/react-lazyimg/src/util.js","statementMap":{"0":{"start":{"line":2,"column":19},"end":{"line":29,"column":4}},"1":{"start":{"line":3,"column":15},"end":{"line":3,"column":34}},"2":{"start":{"line":4,"column":20},"end":{"line":4,"column":47}},"3":{"start":{"line":5,"column":15},"end":{"line":19,"column":3}},"4":{"start":{"line":20,"column":2},"end":{"line":27,"column":5}},"5":{"start":{"line":21,"column":4},"end":{"line":26,"column":18}},"6":{"start":{"line":22,"column":6},"end":{"line":25,"column":20}},"7":{"start":{"line":28,"column":2},"end":{"line":28,"column":16}},"8":{"start":{"line":34,"column":4},"end":{"line":38,"column":6}},"9":{"start":{"line":48,"column":21},"end":{"line":63,"column":5}},"10":{"start":{"line":64,"column":22},"end":{"line":64,"column":41}},"11":{"start":{"line":65,"column":24},"end":{"line":65,"column":43}},"12":{"start":{"line":66,"column":4},"end":{"line":74,"column":7}},"13":{"start":{"line":67,"column":6},"end":{"line":73,"column":7}},"14":{"start":{"line":68,"column":8},"end":{"line":68,"column":40}},"15":{"start":{"line":70,"column":8},"end":{"line":72,"column":9}},"16":{"start":{"line":71,"column":10},"end":{"line":71,"column":44}},"17":{"start":{"line":82,"column":4},"end":{"line":85,"column":6}},"18":{"start":{"line":89,"column":4},"end":{"line":93,"column":7}},"19":{"start":{"line":90,"column":14},"end":{"line":90,"column":38}},"20":{"start":{"line":91,"column":12},"end":{"line":91,"column":42}},"21":{"start":{"line":92,"column":6},"end":{"line":92,"column":28}},"22":{"start":{"line":96,"column":4},"end":{"line":98,"column":7}},"23":{"start":{"line":97,"column":6},"end":{"line":97,"column":36}},"24":{"start":{"line":107,"column":4},"end":{"line":109,"column":5}},"25":{"start":{"line":108,"column":6},"end":{"line":108,"column":19}},"26":{"start":{"line":110,"column":22},"end":{"line":110,"column":24}},"27":{"start":{"line":111,"column":4},"end":{"line":113,"column":7}},"28":{"start":{"line":112,"column":6},"end":{"line":112,"column":60}},"29":{"start":{"line":114,"column":4},"end":{"line":114,"column":33}},"30":{"start":{"line":119,"column":18},"end":{"line":119,"column":22}},"31":{"start":{"line":120,"column":18},"end":{"line":120,"column":19}},"32":{"start":{"line":121,"column":4},"end":{"line":138,"column":6}},"33":{"start":{"line":122,"column":6},"end":{"line":124,"column":7}},"34":{"start":{"line":123,"column":8},"end":{"line":123,"column":15}},"35":{"start":{"line":125,"column":20},"end":{"line":125,"column":40}},"36":{"start":{"line":126,"column":20},"end":{"line":126,"column":24}},"37":{"start":{"line":127,"column":17},"end":{"line":127,"column":26}},"38":{"start":{"line":128,"column":24},"end":{"line":132,"column":7}},"39":{"start":{"line":129,"column":8},"end":{"line":129,"column":29}},"40":{"start":{"line":130,"column":8},"end":{"line":130,"column":24}},"41":{"start":{"line":131,"column":8},"end":{"line":131,"column":32}},"42":{"start":{"line":133,"column":6},"end":{"line":137,"column":7}},"43":{"start":{"line":134,"column":8},"end":{"line":134,"column":22}},"44":{"start":{"line":136,"column":8},"end":{"line":136,"column":48}},"45":{"start":{"line":141,"column":4},"end":{"line":143,"column":10}},"46":{"start":{"line":142,"column":6},"end":{"line":142,"column":30}},"47":{"start":{"line":147,"column":4},"end":{"line":147,"column":68}},"48":{"start":{"line":151,"column":4},"end":{"line":151,"column":68}},"49":{"start":{"line":167,"column":4},"end":{"line":167,"column":47}},"50":{"start":{"line":171,"column":18},"end":{"line":171,"column":20}},"51":{"start":{"line":172,"column":4},"end":{"line":178,"column":5}},"52":{"start":{"line":173,"column":6},"end":{"line":173,"column":35}},"53":{"start":{"line":174,"column":6},"end":{"line":176,"column":7}},"54":{"start":{"line":175,"column":8},"end":{"line":175,"column":23}},"55":{"start":{"line":177,"column":6},"end":{"line":177,"column":14}},"56":{"start":{"line":179,"column":4},"end":{"line":179,"column":19}},"57":{"start":{"line":183,"column":15},"end":{"line":183,"column":28}},"58":{"start":{"line":186,"column":4},"end":{"line":188,"column":5}},"59":{"start":{"line":187,"column":6},"end":{"line":187,"column":18}},"60":{"start":{"line":189,"column":4},"end":{"line":197,"column":5}},"61":{"start":{"line":191,"column":8},"end":{"line":191,"column":27}},"62":{"start":{"line":194,"column":6},"end":{"line":194,"column":18}},"63":{"start":{"line":196,"column":6},"end":{"line":196,"column":42}},"64":{"start":{"line":203,"column":20},"end":{"line":203,"column":38}},"65":{"start":{"line":204,"column":22},"end":{"line":204,"column":53}},"66":{"start":{"line":207,"column":4},"end":{"line":211,"column":5}},"67":{"start":{"line":208,"column":6},"end":{"line":208,"column":36}},"68":{"start":{"line":210,"column":6},"end":{"line":210,"column":58}},"69":{"start":{"line":214,"column":4},"end":{"line":214,"column":59}},"70":{"start":{"line":220,"column":20},"end":{"line":220,"column":38}},"71":{"start":{"line":221,"column":22},"end":{"line":221,"column":53}},"72":{"start":{"line":224,"column":4},"end":{"line":228,"column":5}},"73":{"start":{"line":225,"column":6},"end":{"line":225,"column":35}},"74":{"start":{"line":227,"column":6},"end":{"line":227,"column":57}},"75":{"start":{"line":231,"column":4},"end":{"line":231,"column":60}},"76":{"start":{"line":237,"column":20},"end":{"line":237,"column":38}},"77":{"start":{"line":238,"column":22},"end":{"line":238,"column":53}},"78":{"start":{"line":241,"column":4},"end":{"line":245,"column":5}},"79":{"start":{"line":242,"column":6},"end":{"line":242,"column":19}},"80":{"start":{"line":244,"column":6},"end":{"line":244,"column":55}},"81":{"start":{"line":249,"column":4},"end":{"line":249,"column":62}},"82":{"start":{"line":255,"column":20},"end":{"line":255,"column":38}},"83":{"start":{"line":256,"column":22},"end":{"line":256,"column":53}},"84":{"start":{"line":259,"column":4},"end":{"line":263,"column":5}},"85":{"start":{"line":260,"column":6},"end":{"line":260,"column":19}},"86":{"start":{"line":262,"column":6},"end":{"line":262,"column":56}},"87":{"start":{"line":267,"column":4},"end":{"line":267,"column":61}},"88":{"start":{"line":272,"column":4},"end":{"line":277,"column":6}},"89":{"start":{"line":282,"column":4},"end":{"line":284,"column":5}},"90":{"start":{"line":283,"column":6},"end":{"line":283,"column":88}},"91":{"start":{"line":285,"column":16},"end":{"line":285,"column":51}},"92":{"start":{"line":286,"column":4},"end":{"line":288,"column":5}},"93":{"start":{"line":287,"column":6},"end":{"line":287,"column":110}},"94":{"start":{"line":289,"column":28},"end":{"line":289,"column":41}},"95":{"start":{"line":290,"column":4},"end":{"line":292,"column":5}},"96":{"start":{"line":291,"column":6},"end":{"line":291,"column":42}},"97":{"start":{"line":293,"column":4},"end":{"line":293,"column":48}},"98":{"start":{"line":295,"column":13},"end":{"line":299,"column":5}},"99":{"start":{"line":296,"column":6},"end":{"line":296,"column":53}},"100":{"start":{"line":297,"column":6},"end":{"line":297,"column":18}},"101":{"start":{"line":298,"column":6},"end":{"line":298,"column":52}},"102":{"start":{"line":300,"column":4},"end":{"line":300,"column":47}}},"fnMap":{"0":{"name":"(anonymous_0)","decl":{"start":{"line":2,"column":20},"end":{"line":2,"column":21}},"loc":{"start":{"line":2,"column":31},"end":{"line":29,"column":1}},"line":2},"1":{"name":"(anonymous_1)","decl":{"start":{"line":20,"column":17},"end":{"line":20,"column":18}},"loc":{"start":{"line":20,"column":35},"end":{"line":27,"column":3}},"line":20},"2":{"name":"(anonymous_2)","decl":{"start":{"line":21,"column":30},"end":{"line":21,"column":31}},"loc":{"start":{"line":21,"column":61},"end":{"line":26,"column":5}},"line":21},"3":{"name":"(anonymous_3)","decl":{"start":{"line":66,"column":31},"end":{"line":66,"column":32}},"loc":{"start":{"line":66,"column":39},"end":{"line":74,"column":5}},"line":66},"4":{"name":"(anonymous_4)","decl":{"start":{"line":89,"column":67},"end":{"line":89,"column":68}},"loc":{"start":{"line":89,"column":79},"end":{"line":93,"column":5}},"line":89},"5":{"name":"(anonymous_5)","decl":{"start":{"line":96,"column":35},"end":{"line":96,"column":36}},"loc":{"start":{"line":96,"column":48},"end":{"line":98,"column":5}},"line":96},"6":{"name":"(anonymous_6)","decl":{"start":{"line":111,"column":29},"end":{"line":111,"column":30}},"loc":{"start":{"line":111,"column":37},"end":{"line":113,"column":5}},"line":111},"7":{"name":"(anonymous_7)","decl":{"start":{"line":121,"column":11},"end":{"line":121,"column":12}},"loc":{"start":{"line":121,"column":22},"end":{"line":138,"column":5}},"line":121},"8":{"name":"(anonymous_8)","decl":{"start":{"line":128,"column":24},"end":{"line":128,"column":25}},"loc":{"start":{"line":128,"column":35},"end":{"line":132,"column":7}},"line":128},"9":{"name":"(anonymous_9)","decl":{"start":{"line":141,"column":22},"end":{"line":141,"column":23}},"loc":{"start":{"line":141,"column":30},"end":{"line":143,"column":5}},"line":141},"10":{"name":"(anonymous_10)","decl":{"start":{"line":190,"column":57},"end":{"line":190,"column":58}},"loc":{"start":{"line":190,"column":65},"end":{"line":192,"column":7}},"line":190},"11":{"name":"(anonymous_11)","decl":{"start":{"line":295,"column":13},"end":{"line":295,"column":14}},"loc":{"start":{"line":295,"column":18},"end":{"line":299,"column":5}},"line":295}},"branchMap":{"0":{"loc":{"start":{"line":22,"column":6},"end":{"line":25,"column":19}},"type":"cond-expr","locations":[{"start":{"line":23,"column":11},"end":{"line":24,"column":31}},{"start":{"line":25,"column":10},"end":{"line":25,"column":19}}],"line":22},"1":{"loc":{"start":{"line":23,"column":18},"end":{"line":23,"column":58}},"type":"cond-expr","locations":[{"start":{"line":23,"column":32},"end":{"line":23,"column":44}},{"start":{"line":23,"column":47},"end":{"line":23,"column":58}}],"line":23},"2":{"loc":{"start":{"line":35,"column":6},"end":{"line":37,"column":37}},"type":"binary-expr","locations":[{"start":{"line":35,"column":6},"end":{"line":35,"column":25}},{"start":{"line":36,"column":6},"end":{"line":36,"column":26}},{"start":{"line":37,"column":6},"end":{"line":37,"column":37}}],"line":35},"3":{"loc":{"start":{"line":67,"column":6},"end":{"line":73,"column":7}},"type":"if","locations":[{"start":{"line":67,"column":6},"end":{"line":73,"column":7}},{"start":{"line":67,"column":6},"end":{"line":73,"column":7}}],"line":67},"4":{"loc":{"start":{"line":70,"column":8},"end":{"line":72,"column":9}},"type":"if","locations":[{"start":{"line":70,"column":8},"end":{"line":72,"column":9}},{"start":{"line":70,"column":8},"end":{"line":72,"column":9}}],"line":70},"5":{"loc":{"start":{"line":91,"column":12},"end":{"line":91,"column":42}},"type":"cond-expr","locations":[{"start":{"line":91,"column":23},"end":{"line":91,"column":24}},{"start":{"line":91,"column":27},"end":{"line":91,"column":42}}],"line":91},"6":{"loc":{"start":{"line":107,"column":4},"end":{"line":109,"column":5}},"type":"if","locations":[{"start":{"line":107,"column":4},"end":{"line":109,"column":5}},{"start":{"line":107,"column":4},"end":{"line":109,"column":5}}],"line":107},"7":{"loc":{"start":{"line":122,"column":6},"end":{"line":124,"column":7}},"type":"if","locations":[{"start":{"line":122,"column":6},"end":{"line":124,"column":7}},{"start":{"line":122,"column":6},"end":{"line":124,"column":7}}],"line":122},"8":{"loc":{"start":{"line":133,"column":6},"end":{"line":137,"column":7}},"type":"if","locations":[{"start":{"line":133,"column":6},"end":{"line":137,"column":7}},{"start":{"line":133,"column":6},"end":{"line":137,"column":7}}],"line":133},"9":{"loc":{"start":{"line":174,"column":6},"end":{"line":176,"column":7}},"type":"if","locations":[{"start":{"line":174,"column":6},"end":{"line":176,"column":7}},{"start":{"line":174,"column":6},"end":{"line":176,"column":7}}],"line":174},"10":{"loc":{"start":{"line":186,"column":4},"end":{"line":188,"column":5}},"type":"if","locations":[{"start":{"line":186,"column":4},"end":{"line":188,"column":5}},{"start":{"line":186,"column":4},"end":{"line":188,"column":5}}],"line":186},"11":{"loc":{"start":{"line":189,"column":4},"end":{"line":197,"column":5}},"type":"if","locations":[{"start":{"line":189,"column":4},"end":{"line":197,"column":5}},{"start":{"line":189,"column":4},"end":{"line":197,"column":5}}],"line":189},"12":{"loc":{"start":{"line":207,"column":4},"end":{"line":211,"column":5}},"type":"if","locations":[{"start":{"line":207,"column":4},"end":{"line":211,"column":5}},{"start":{"line":207,"column":4},"end":{"line":211,"column":5}}],"line":207},"13":{"loc":{"start":{"line":207,"column":8},"end":{"line":207,"column":55}},"type":"binary-expr","locations":[{"start":{"line":207,"column":8},"end":{"line":207,"column":31}},{"start":{"line":207,"column":35},"end":{"line":207,"column":55}}],"line":207},"14":{"loc":{"start":{"line":224,"column":4},"end":{"line":228,"column":5}},"type":"if","locations":[{"start":{"line":224,"column":4},"end":{"line":228,"column":5}},{"start":{"line":224,"column":4},"end":{"line":228,"column":5}}],"line":224},"15":{"loc":{"start":{"line":224,"column":8},"end":{"line":224,"column":55}},"type":"binary-expr","locations":[{"start":{"line":224,"column":8},"end":{"line":224,"column":31}},{"start":{"line":224,"column":35},"end":{"line":224,"column":55}}],"line":224},"16":{"loc":{"start":{"line":241,"column":4},"end":{"line":245,"column":5}},"type":"if","locations":[{"start":{"line":241,"column":4},"end":{"line":245,"column":5}},{"start":{"line":241,"column":4},"end":{"line":245,"column":5}}],"line":241},"17":{"loc":{"start":{"line":241,"column":8},"end":{"line":241,"column":55}},"type":"binary-expr","locations":[{"start":{"line":241,"column":8},"end":{"line":241,"column":31}},{"start":{"line":241,"column":35},"end":{"line":241,"column":55}}],"line":241},"18":{"loc":{"start":{"line":259,"column":4},"end":{"line":263,"column":5}},"type":"if","locations":[{"start":{"line":259,"column":4},"end":{"line":263,"column":5}},{"start":{"line":259,"column":4},"end":{"line":263,"column":5}}],"line":259},"19":{"loc":{"start":{"line":259,"column":8},"end":{"line":259,"column":55}},"type":"binary-expr","locations":[{"start":{"line":259,"column":8},"end":{"line":259,"column":31}},{"start":{"line":259,"column":35},"end":{"line":259,"column":55}}],"line":259},"20":{"loc":{"start":{"line":273,"column":6},"end":{"line":276,"column":47}},"type":"binary-expr","locations":[{"start":{"line":273,"column":6},"end":{"line":273,"column":46}},{"start":{"line":274,"column":6},"end":{"line":274,"column":45}},{"start":{"line":275,"column":6},"end":{"line":275,"column":47}},{"start":{"line":276,"column":6},"end":{"line":276,"column":47}}],"line":273},"21":{"loc":{"start":{"line":281,"column":40},"end":{"line":281,"column":60}},"type":"default-arg","locations":[{"start":{"line":281,"column":51},"end":{"line":281,"column":60}}],"line":281},"22":{"loc":{"start":{"line":282,"column":4},"end":{"line":284,"column":5}},"type":"if","locations":[{"start":{"line":282,"column":4},"end":{"line":284,"column":5}},{"start":{"line":282,"column":4},"end":{"line":284,"column":5}}],"line":282},"23":{"loc":{"start":{"line":282,"column":8},"end":{"line":282,"column":60}},"type":"binary-expr","locations":[{"start":{"line":282,"column":8},"end":{"line":282,"column":29}},{"start":{"line":282,"column":33},"end":{"line":282,"column":60}}],"line":282},"24":{"loc":{"start":{"line":285,"column":16},"end":{"line":285,"column":51}},"type":"binary-expr","locations":[{"start":{"line":285,"column":16},"end":{"line":285,"column":39}},{"start":{"line":285,"column":43},"end":{"line":285,"column":51}}],"line":285},"25":{"loc":{"start":{"line":286,"column":4},"end":{"line":288,"column":5}},"type":"if","locations":[{"start":{"line":286,"column":4},"end":{"line":288,"column":5}},{"start":{"line":286,"column":4},"end":{"line":288,"column":5}}],"line":286},"26":{"loc":{"start":{"line":290,"column":4},"end":{"line":292,"column":5}},"type":"if","locations":[{"start":{"line":290,"column":4},"end":{"line":292,"column":5}},{"start":{"line":290,"column":4},"end":{"line":292,"column":5}}],"line":290}},"s":{"0":2,"1":2,"2":2,"3":2,"4":2,"5":4,"6":18,"7":2,"8":32,"9":33,"10":33,"11":33,"12":33,"13":103,"14":38,"15":65,"16":33,"17":33,"18":33,"19":1023,"20":1023,"21":1023,"22":3,"23":2,"24":1,"25":0,"26":1,"27":1,"28":2,"29":1,"30":33,"31":33,"32":33,"33":1,"34":0,"35":1,"36":1,"37":1,"38":1,"39":1,"40":1,"41":1,"42":1,"43":1,"44":0,"45":1,"46":1,"47":3,"48":2,"49":3,"50":2,"51":2,"52":3,"53":3,"54":1,"55":3,"56":2,"57":3,"58":3,"59":1,"60":2,"61":1,"62":1,"63":1,"64":5,"65":5,"66":5,"67":1,"68":4,"69":5,"70":5,"71":5,"72":5,"73":1,"74":4,"75":5,"76":5,"77":5,"78":5,"79":1,"80":4,"81":5,"82":5,"83":5,"84":5,"85":1,"86":4,"87":5,"88":3,"89":2,"90":1,"91":1,"92":1,"93":0,"94":1,"95":1,"96":1,"97":1,"98":1,"99":1,"100":1,"101":1,"102":1},"f":{"0":2,"1":4,"2":18,"3":103,"4":1023,"5":2,"6":2,"7":1,"8":1,"9":1,"10":1,"11":1},"b":{"0":[0,18],"1":[0,0],"2":[32,32,31],"3":[38,65],"4":[33,32],"5":[990,33],"6":[0,1],"7":[0,1],"8":[1,0],"9":[1,2],"10":[1,2],"11":[1,1],"12":[1,4],"13":[5,5],"14":[1,4],"15":[5,5],"16":[1,4],"17":[5,5],"18":[1,4],"19":[5,5],"20":[3,3,3,3],"21":[1],"22":[1,1],"23":[2,1],"24":[1,1],"25":[0,1],"26":[1,0]},"_coverageSchema":"332fd63041d2c1bcb487cc26dd0d5f7d97098a6c","hash":"f4d7cbeb0516523345a319511d1720fa8d462cec"}
}
