TN:
SF:/Users/singsong/react-lazyimg/jest/setup.js
FNF:0
FNH:0
DA:4,2
LF:1
LH:1
BRF:0
BRH:0
end_of_record
TN:
SF:/Users/singsong/react-lazyimg/src/index.js
FN:15,withLazyimg
FN:52,(anonymous_1)
FN:62,(anonymous_2)
FN:90,(anonymous_3)
FN:108,(anonymous_4)
FN:134,(anonymous_5)
FN:145,(anonymous_6)
FN:158,(anonymous_7)
FN:209,(anonymous_8)
FN:227,(anonymous_9)
FN:247,(anonymous_10)
FN:265,(anonymous_11)
FN:280,(anonymous_12)
FN:323,(anonymous_13)
FN:343,(anonymous_14)
FN:359,(anonymous_15)
FN:371,(anonymous_16)
FNF:17
FNH:12
FNDA:15,withLazyimg
FNDA:32,(anonymous_1)
FNDA:32,(anonymous_2)
FNDA:0,(anonymous_3)
FNDA:30,(anonymous_4)
FNDA:0,(anonymous_5)
FNDA:0,(anonymous_6)
FNDA:2,(anonymous_7)
FNDA:30,(anonymous_8)
FNDA:0,(anonymous_9)
FNDA:30,(anonymous_10)
FNDA:2,(anonymous_11)
FNDA:1,(anonymous_12)
FNDA:0,(anonymous_13)
FNDA:2,(anonymous_14)
FNDA:34,(anonymous_15)
FNDA:34,(anonymous_16)
DA:32,15
DA:53,32
DA:55,32
DA:57,32
DA:59,32
DA:64,32
DA:65,32
DA:68,32
DA:69,32
DA:75,0
DA:82,32
DA:91,0
DA:93,0
DA:103,32
DA:104,32
DA:109,30
DA:110,30
DA:111,30
DA:112,30
DA:113,30
DA:115,30
DA:116,29
DA:119,1
DA:120,1
DA:122,1
DA:124,1
DA:125,0
DA:128,1
DA:131,1
DA:132,0
DA:134,1
DA:136,0
DA:138,0
DA:145,1
DA:147,0
DA:149,0
DA:152,0
DA:160,2
DA:161,2
DA:169,2
DA:171,2
DA:172,2
DA:178,0
DA:181,2
DA:194,2
DA:195,2
DA:196,2
DA:197,2
DA:198,2
DA:199,2
DA:200,2
DA:201,2
DA:202,2
DA:203,2
DA:204,2
DA:205,2
DA:206,2
DA:210,30
DA:212,30
DA:213,30
DA:214,30
DA:216,30
DA:219,29
DA:221,1
DA:223,30
DA:228,0
DA:229,0
DA:230,0
DA:231,0
DA:232,0
DA:233,0
DA:234,0
DA:235,0
DA:236,0
DA:239,0
DA:242,0
DA:244,0
DA:248,30
DA:249,30
DA:266,2
DA:268,2
DA:270,0
DA:271,0
DA:272,0
DA:274,0
DA:275,0
DA:277,2
DA:282,1
DA:283,1
DA:292,1
DA:294,1
DA:296,0
DA:297,0
DA:300,0
DA:301,0
DA:302,0
DA:303,0
DA:309,0
DA:310,0
DA:311,0
DA:312,0
DA:316,0
DA:318,0
DA:319,0
DA:320,0
DA:321,0
DA:325,0
DA:331,0
DA:333,1
DA:335,0
DA:336,0
DA:339,0
DA:348,2
DA:349,2
DA:350,2
DA:351,2
DA:352,2
DA:353,2
DA:354,2
DA:355,2
DA:356,2
DA:361,34
DA:368,34
DA:369,34
DA:370,34
DA:371,34
DA:374,34
DA:375,34
DA:376,1
DA:378,33
DA:379,1
DA:380,0
DA:382,1
DA:383,1
DA:385,0
DA:386,0
DA:387,0
DA:394,32
DA:395,1
DA:396,1
DA:398,1
DA:400,31
DA:401,30
DA:403,1
DA:409,33
DA:414,15
DA:446,15
DA:450,15
LF:148
LH:96
BRDA:15,0,0,1
BRDA:68,1,0,32
BRDA:68,1,1,0
BRDA:93,2,0,0
BRDA:93,2,1,0
BRDA:93,2,2,0
BRDA:115,3,0,29
BRDA:115,3,1,1
BRDA:115,4,0,30
BRDA:115,4,1,29
BRDA:119,5,0,1
BRDA:119,5,1,0
BRDA:119,6,0,1
BRDA:119,6,1,1
BRDA:119,6,2,1
BRDA:119,6,3,1
BRDA:124,7,0,0
BRDA:124,7,1,1
BRDA:124,8,0,1
BRDA:124,8,1,0
BRDA:131,9,0,0
BRDA:131,9,1,1
BRDA:171,10,0,2
BRDA:171,10,1,0
BRDA:216,11,0,29
BRDA:216,11,1,1
BRDA:232,12,0,0
BRDA:232,12,1,0
BRDA:232,13,0,0
BRDA:232,13,1,0
BRDA:233,14,0,0
BRDA:233,14,1,0
BRDA:235,15,0,0
BRDA:235,15,1,0
BRDA:268,16,0,0
BRDA:268,16,1,2
BRDA:270,17,0,0
BRDA:270,17,1,0
BRDA:294,18,0,0
BRDA:294,18,1,1
BRDA:296,19,0,0
BRDA:296,19,1,0
BRDA:296,20,0,0
BRDA:296,20,1,0
BRDA:301,21,0,0
BRDA:301,21,1,0
BRDA:301,22,0,0
BRDA:301,22,1,0
BRDA:302,23,0,0
BRDA:302,23,1,0
BRDA:303,24,0,0
BRDA:303,24,1,0
BRDA:309,25,0,0
BRDA:309,25,1,0
BRDA:310,26,0,0
BRDA:310,26,1,0
BRDA:316,27,0,0
BRDA:316,27,1,0
BRDA:316,28,0,0
BRDA:316,28,1,0
BRDA:318,29,0,0
BRDA:318,29,1,0
BRDA:325,30,0,0
BRDA:325,30,1,0
BRDA:331,31,0,0
BRDA:331,31,1,0
BRDA:333,32,0,0
BRDA:333,32,1,1
BRDA:335,33,0,0
BRDA:335,33,1,0
BRDA:335,34,0,0
BRDA:335,34,1,0
BRDA:339,35,0,0
BRDA:339,35,1,0
BRDA:349,36,0,2
BRDA:349,36,1,2
BRDA:349,36,2,2
BRDA:375,37,0,1
BRDA:375,37,1,33
BRDA:378,38,0,1
BRDA:378,38,1,32
BRDA:379,39,0,0
BRDA:379,39,1,1
BRDA:382,40,0,1
BRDA:382,40,1,0
BRDA:386,41,0,0
BRDA:386,41,1,0
BRDA:394,42,0,1
BRDA:394,42,1,31
BRDA:400,43,0,30
BRDA:400,43,1,1
BRF:91
BRH:33
end_of_record
TN:
SF:/Users/singsong/react-lazyimg/src/util.js
FN:2,(anonymous_0)
FN:20,(anonymous_1)
FN:21,(anonymous_2)
FN:66,(anonymous_3)
FN:89,(anonymous_4)
FN:96,(anonymous_5)
FN:111,(anonymous_6)
FN:121,(anonymous_7)
FN:128,(anonymous_8)
FN:141,(anonymous_9)
FN:190,(anonymous_10)
FN:295,(anonymous_11)
FNF:12
FNH:12
FNDA:2,(anonymous_0)
FNDA:4,(anonymous_1)
FNDA:18,(anonymous_2)
FNDA:103,(anonymous_3)
FNDA:1023,(anonymous_4)
FNDA:2,(anonymous_5)
FNDA:2,(anonymous_6)
FNDA:1,(anonymous_7)
FNDA:1,(anonymous_8)
FNDA:1,(anonymous_9)
FNDA:1,(anonymous_10)
FNDA:1,(anonymous_11)
DA:2,2
DA:3,2
DA:4,2
DA:5,2
DA:20,2
DA:21,4
DA:22,18
DA:28,2
DA:34,32
DA:48,33
DA:64,33
DA:65,33
DA:66,33
DA:67,103
DA:68,38
DA:70,65
DA:71,33
DA:82,33
DA:89,33
DA:90,1023
DA:91,1023
DA:92,1023
DA:96,3
DA:97,2
DA:107,1
DA:108,0
DA:110,1
DA:111,1
DA:112,2
DA:114,1
DA:119,33
DA:120,33
DA:121,33
DA:122,1
DA:123,0
DA:125,1
DA:126,1
DA:127,1
DA:128,1
DA:129,1
DA:130,1
DA:131,1
DA:133,1
DA:134,1
DA:136,0
DA:141,1
DA:142,1
DA:147,3
DA:151,2
DA:167,3
DA:171,2
DA:172,2
DA:173,3
DA:174,3
DA:175,1
DA:177,3
DA:179,2
DA:183,3
DA:186,3
DA:187,1
DA:189,2
DA:191,1
DA:194,1
DA:196,1
DA:203,5
DA:204,5
DA:207,5
DA:208,1
DA:210,4
DA:214,5
DA:220,5
DA:221,5
DA:224,5
DA:225,1
DA:227,4
DA:231,5
DA:237,5
DA:238,5
DA:241,5
DA:242,1
DA:244,4
DA:249,5
DA:255,5
DA:256,5
DA:259,5
DA:260,1
DA:262,4
DA:267,5
DA:272,3
DA:282,2
DA:283,1
DA:285,1
DA:286,1
DA:287,0
DA:289,1
DA:290,1
DA:291,1
DA:293,1
DA:295,1
DA:296,1
DA:297,1
DA:298,1
DA:300,1
LF:103
LH:99
BRDA:22,0,0,0
BRDA:22,0,1,18
BRDA:23,1,0,0
BRDA:23,1,1,0
BRDA:35,2,0,32
BRDA:35,2,1,32
BRDA:35,2,2,31
BRDA:67,3,0,38
BRDA:67,3,1,65
BRDA:70,4,0,33
BRDA:70,4,1,32
BRDA:91,5,0,990
BRDA:91,5,1,33
BRDA:107,6,0,0
BRDA:107,6,1,1
BRDA:122,7,0,0
BRDA:122,7,1,1
BRDA:133,8,0,1
BRDA:133,8,1,0
BRDA:174,9,0,1
BRDA:174,9,1,2
BRDA:186,10,0,1
BRDA:186,10,1,2
BRDA:189,11,0,1
BRDA:189,11,1,1
BRDA:207,12,0,1
BRDA:207,12,1,4
BRDA:207,13,0,5
BRDA:207,13,1,5
BRDA:224,14,0,1
BRDA:224,14,1,4
BRDA:224,15,0,5
BRDA:224,15,1,5
BRDA:241,16,0,1
BRDA:241,16,1,4
BRDA:241,17,0,5
BRDA:241,17,1,5
BRDA:259,18,0,1
BRDA:259,18,1,4
BRDA:259,19,0,5
BRDA:259,19,1,5
BRDA:273,20,0,3
BRDA:273,20,1,3
BRDA:273,20,2,3
BRDA:273,20,3,3
BRDA:281,21,0,1
BRDA:282,22,0,1
BRDA:282,22,1,1
BRDA:282,23,0,2
BRDA:282,23,1,1
BRDA:285,24,0,1
BRDA:285,24,1,1
BRDA:286,25,0,0
BRDA:286,25,1,1
BRDA:290,26,0,1
BRDA:290,26,1,0
BRF:56
BRH:48
end_of_record
